{"level":"info","ts":1745510713.039047,"caller":"elastic/elastic_connect.go:22","msg":"Elastic connected successfully"}
{"level":"info","ts":1745510713.0397584,"caller":"consumer/asynq_consumer.go:39","msg":"Asynq consumer connected successfully"}
{"level":"info","ts":1745510713.0450788,"caller":"consumers/daily_task_consumer.go:31","msg":"RecieveSeasonInfo is working"}
{"level":"info","ts":1745510713.045321,"caller":"consumers/season_consumer.go:33","msg":"RecieveSeasonInfo is working"}
{"level":"info","ts":1745510713.0465398,"caller":"elastic/elastic_connect.go:37","msg":"Index User Index exitss"}
{"level":"info","ts":1745510713.0497346,"caller":"elastic/elastic_connect.go:48","msg":"Index Season Index exitss"}
{"level":"info","ts":1745510718.3779235,"caller":"tasks/season_task.go:64","msg":"Serialize successfully"}
{"level":"info","ts":1745510719.4206908,"caller":"elastic/elastic_seasons_repo.go:87","msg":"Indxed document [200 OK] {\"_index\":\"seasons\",\"_id\":\"42\",\"_version\":3,\"result\":\"updated\",\"forced_refresh\":true,\"_shards\":{\"total\":2,\"successful\":1,\"failed\":0},\"_seq_no\":28,\"_primary_term\":8} to index users"}
{"level":"info","ts":1745510733.5243888,"caller":"middleware/auth.go:21","msg":"Middleware for Token check"}
{"level":"info","ts":1745510733.5244741,"caller":"middleware/auth.go:29","msg":"Access Token:eyJhbGciOiJSUzI1NiIsInR5cCI6IkpXVCJ9.eyJleHAiOjE3NDU1MTE1NzksImlhdCI6MTc0NTUxMDY3OSwic3ViIjoxLCJ0eXBlIjoiYWNjZXNzIiwidXNlcm5hbWUiOiJzdHJpbmcifQ.f5AaMpMha8cRsLWTTMH_6q_VIr6TVQhoFkgp7qR1EvVEo1CDtEyZgaiQr2C_l3U6ui723ZjqIz7MbD3BAg1LFtwefwVscwOYDQYeEALLKLVVroob9zslyvm3UGBBH5jy4lwwsfy2nZ27VINGCmsh1QCLe2Wpq3aRm1A4dPwI3n2AZ2utsuSVoV11T7XB7X5VJ8yyzqZvGrS_IWw_40igb5f65qVj6UgqHlSIOHVu5bplk-t2yBW4K4voOm8M77-uZ35JWjhrhOr82FR1qx7il_HkQEfgUsWivBuImvXv2O99R2w4lvr_zXeC1sOTbzSYEIYbFNvAB2MjRBV5SODHyA"}
{"level":"info","ts":1745510733.5468564,"caller":"producers/producer.go:22","msg":"Producer created successfully"}
{"level":"info","ts":1745510733.5472162,"caller":"producers/producer.go:40","msg":"Message sent, waiting for delivery confirmation..."}
{"level":"info","ts":1745510733.5563505,"caller":"producers/producer.go:49","msg":"Delivered message to jwtCheckRequest [1] at offset 0"}
{"level":"info","ts":1745510733.6569176,"caller":"consumers/consumer.go:26","msg":"Kafka connected successdully"}
{"level":"info","ts":1745510739.5584078,"caller":"consumers/consumer.go:35","msg":"Received message: {\"role\":\"admin\",\"id\":1,\"login\":\"string\",\"err\":\"\",\"new-access-token\":\"eyJhbGciOiJSUzI1NiIsInR5cCI6IkpXVCJ9.eyJleHAiOjE3NDU1MTE2MzksImlhdCI6MTc0NTUxMDczOSwic3ViIjoxLCJ0eXBlIjoiYWNjZXNzIiwidXNlcm5hbWUiOiJzdHJpbmcifQ.XJZHi_J-QIC55eD4rAf8lVIqBOZucVt3v_vXkAeClYtG5uBmo8hsGHBjQbnW_JCY3LS3PBGXIxJZT2nS3AmJLWVrYIz-ZmDz3c3Ggu8v_7CUM9oPd-bkwolF9asR8wiRXOtT07Bw9yvI91rQ4OwKCO8VZpmSnSCxSKT3fD0lfhrxmgmVj7ghAhH-xlg4wR4XstMxjxjzUD6Hoj4Fupdo_EMMWwQ33eiG7GcLET-RDdHWiOWNxLluuVZE4k3i-7VzDZyf6zrxsxMRtfPuu-VoRfIUJ4xLtJKppf8wCZDwFBA2Ziws-PWiR6kZlXul8xuWSGgq33iOTQjAJOJH45BAcg\"} from topic:jwtCheckAnswer[1]@0 with offset 0"}
{"level":"info","ts":1745510739.5587924,"caller":"pkg/kafka_utils.go:26","msg":"Request recieved: {admin 1 string  eyJhbGciOiJSUzI1NiIsInR5cCI6IkpXVCJ9.eyJleHAiOjE3NDU1MTE2MzksImlhdCI6MTc0NTUxMDczOSwic3ViIjoxLCJ0eXBlIjoiYWNjZXNzIiwidXNlcm5hbWUiOiJzdHJpbmcifQ.XJZHi_J-QIC55eD4rAf8lVIqBOZucVt3v_vXkAeClYtG5uBmo8hsGHBjQbnW_JCY3LS3PBGXIxJZT2nS3AmJLWVrYIz-ZmDz3c3Ggu8v_7CUM9oPd-bkwolF9asR8wiRXOtT07Bw9yvI91rQ4OwKCO8VZpmSnSCxSKT3fD0lfhrxmgmVj7ghAhH-xlg4wR4XstMxjxjzUD6Hoj4Fupdo_EMMWwQ33eiG7GcLET-RDdHWiOWNxLluuVZE4k3i-7VzDZyf6zrxsxMRtfPuu-VoRfIUJ4xLtJKppf8wCZDwFBA2Ziws-PWiR6kZlXul8xuWSGgq33iOTQjAJOJH45BAcg}\n"}
{"level":"info","ts":1745510739.5602236,"caller":"middleware/auth.go:49","msg":"New access Token"}
{"level":"info","ts":1745510739.5614407,"caller":"middleware/auth.go:56","msg":"Player already in DB: {1 string {<nil> 0 false finite false} {<nil> 0 false finite false}}\n"}
{"level":"info","ts":1745510881.3003385,"caller":"middleware/auth.go:21","msg":"Middleware for Token check"}
{"level":"info","ts":1745510881.3004053,"caller":"middleware/auth.go:29","msg":"Access Token:eyJhbGciOiJSUzI1NiIsInR5cCI6IkpXVCJ9.eyJleHAiOjE3NDU1MTE3NzYsImlhdCI6MTc0NTUxMDg3Niwic3ViIjoxLCJ0eXBlIjoiYWNjZXNzIiwidXNlcm5hbWUiOiJzdHJpbmcifQ.iU2XHewcVzYB35zIkxaVlRbZOKf_My9qS33F2bmXhm8jslj9PgHKKyuIgaVgXNHgb1gE2FGW4PRN00rLd4WiievzuqeXpXSTKPoNBVBBEP2iq9PCuT7udcEBJIrssP1O9sC3Cmmgst27ZTCvt1xVTi97Q7-u4DrROkjDp11z0Duk508SY70BPfT6_obOWesAPCqBGYvx3pkojMAqpSMin2Q8k_e6EK28_-DPBkR9K0KwDACxAPJrClKzMb0JmX6-iJWzP7_AkZ3u4f88iHopZHJdIFR-vlceZiWS_3WF6va1MGsdWdYcacMF7mPqr8_R5Octu3plFF2oAQnYsPaFgw"}
{"level":"info","ts":1745510881.3034096,"caller":"producers/producer.go:22","msg":"Producer created successfully"}
{"level":"info","ts":1745510881.303604,"caller":"producers/producer.go:40","msg":"Message sent, waiting for delivery confirmation..."}
{"level":"info","ts":1745510881.3103664,"caller":"producers/producer.go:49","msg":"Delivered message to jwtCheckRequest [1] at offset 1"}
{"level":"info","ts":1745510881.4110205,"caller":"consumers/consumer.go:26","msg":"Kafka connected successdully"}
{"level":"info","ts":1745510881.9174812,"caller":"consumers/consumer.go:35","msg":"Received message: {\"role\":\"admin\",\"id\":1,\"login\":\"string\",\"err\":\"\",\"new-access-token\":\"eyJhbGciOiJSUzI1NiIsInR5cCI6IkpXVCJ9.eyJleHAiOjE3NDU1MTE3ODEsImlhdCI6MTc0NTUxMDg4MSwic3ViIjoxLCJ0eXBlIjoiYWNjZXNzIiwidXNlcm5hbWUiOiJzdHJpbmcifQ.Zt-4tJA1zYaBQ7uF4xxhQYkImBAAxFGJIMse3GOfOf9I980jXhj_TfZNfcjYVJP7AJztkEsf8MlcRuQ-wKuqzlZvW9C2uRe2rfJkMrK8D5JQ2YCe0C03lKoHWsnvP6ZPREF25OciSbX0f2CpZveQcjyT2HKwrHMa74KJ7bX9-797BrlpzDW7AOeX-wCwEaHZwzeb59dKx03KtEJyjmOQtDF42lXRanm1w3Ltm3qpN0npL1SQfa7Q6l9kJtJyoVJvSpms3nxp7sSV8d1KGqbxBHVSL68PVqSgAFmkVJAZjmcH4V6UIf1YDs4RZa2JJ2VuPNZE3K39jjCAHFlx2dairQ\"} from topic:jwtCheckAnswer[1]@1 with offset 1"}
{"level":"info","ts":1745510881.9177718,"caller":"pkg/kafka_utils.go:26","msg":"Request recieved: {admin 1 string  eyJhbGciOiJSUzI1NiIsInR5cCI6IkpXVCJ9.eyJleHAiOjE3NDU1MTE3ODEsImlhdCI6MTc0NTUxMDg4MSwic3ViIjoxLCJ0eXBlIjoiYWNjZXNzIiwidXNlcm5hbWUiOiJzdHJpbmcifQ.Zt-4tJA1zYaBQ7uF4xxhQYkImBAAxFGJIMse3GOfOf9I980jXhj_TfZNfcjYVJP7AJztkEsf8MlcRuQ-wKuqzlZvW9C2uRe2rfJkMrK8D5JQ2YCe0C03lKoHWsnvP6ZPREF25OciSbX0f2CpZveQcjyT2HKwrHMa74KJ7bX9-797BrlpzDW7AOeX-wCwEaHZwzeb59dKx03KtEJyjmOQtDF42lXRanm1w3Ltm3qpN0npL1SQfa7Q6l9kJtJyoVJvSpms3nxp7sSV8d1KGqbxBHVSL68PVqSgAFmkVJAZjmcH4V6UIf1YDs4RZa2JJ2VuPNZE3K39jjCAHFlx2dairQ}\n"}
{"level":"info","ts":1745510881.9203064,"caller":"middleware/auth.go:49","msg":"New access Token"}
{"level":"info","ts":1745510881.9214785,"caller":"middleware/auth.go:56","msg":"Player already in DB: {1 string {<nil> 0 false finite false} {<nil> 0 false finite false}}\n"}
{"level":"info","ts":1745510968.5941308,"caller":"middleware/auth.go:21","msg":"Middleware for Token check"}
{"level":"info","ts":1745510968.5949385,"caller":"middleware/auth.go:29","msg":"Access Token:eyJhbGciOiJSUzI1NiIsInR5cCI6IkpXVCJ9.eyJleHAiOjE3NDU1MTE4NjQsImlhdCI6MTc0NTUxMDk2NCwic3ViIjoxLCJ0eXBlIjoiYWNjZXNzIiwidXNlcm5hbWUiOiJzdHJpbmcifQ.H46JMdHaj3vC6FWusmHCbgQ4OHnwRiZ3lZHKqDa1e8nqgofy4p3snL4ZDMGR4SRAHSPtYiDX4tN9VATK9INPfbgKuVUspdRwL8t_Gf8QdS_M_-OJ8pHHCGNICpn5BhMjbceNUs3rLkD8z4R8vDt8CZM-g2pDnrfF2Dwo9kEvFagPkeXSC7AX4k6B0x6MmNWwQUjBJbjfxmwVEx8RrXus2LyAZpMuR-2fH8Zb4wusNURiDxZLP5xoZYdU8uZgBAmDhtyYwYmV_LXMun-e8B--dGkySMlGFHy0q6XIhDf34KccKwVU45NPC6V_vdybU3sBcY_iL3_k8rJCC0dkECRTwQ"}
{"level":"info","ts":1745510968.6114416,"caller":"producers/producer.go:22","msg":"Producer created successfully"}
{"level":"info","ts":1745510968.611636,"caller":"producers/producer.go:40","msg":"Message sent, waiting for delivery confirmation..."}
{"level":"info","ts":1745510968.6185694,"caller":"producers/producer.go:49","msg":"Delivered message to jwtCheckRequest [1] at offset 2"}
{"level":"info","ts":1745510968.7192547,"caller":"consumers/consumer.go:26","msg":"Kafka connected successdully"}
{"level":"info","ts":1745510969.224451,"caller":"consumers/consumer.go:35","msg":"Received message: {\"role\":\"admin\",\"id\":1,\"login\":\"string\",\"err\":\"\",\"new-access-token\":\"eyJhbGciOiJSUzI1NiIsInR5cCI6IkpXVCJ9.eyJleHAiOjE3NDU1MTE4NjgsImlhdCI6MTc0NTUxMDk2OCwic3ViIjoxLCJ0eXBlIjoiYWNjZXNzIiwidXNlcm5hbWUiOiJzdHJpbmcifQ.WXrvtP8CITQJJIzRfo4ijCQx7vpGQLn4nBcjdqgRursOaAUbK7L42LCtFXep7XPfsVp1Fmm3UkeDoxE4w14YVn78LpKW426cfyBnnL7xiSoKyICfE1NHmmBsy93s4VQNqj8O8QdgDDS-3DK_Xsis2GTZ1QQkqt8CxgMNlER0DbUiOjey3lOsAXtAA4jfL_baVftPFNuPNxBqvNDWfA2tBnYkvUY6v-ah1Uz7MMNUjPLPLGU_97xXNWCOhpUgmaz7IPQmVWvcx61jyifds5py-AN_hzkx5-uap8KbahwBApbut0IdAw8yVrNG5WVHXJQvxjCjOx4lqxj9w0MsoGWqOQ\"} from topic:jwtCheckAnswer[1]@2 with offset 2"}
{"level":"info","ts":1745510969.224721,"caller":"pkg/kafka_utils.go:26","msg":"Request recieved: {admin 1 string  eyJhbGciOiJSUzI1NiIsInR5cCI6IkpXVCJ9.eyJleHAiOjE3NDU1MTE4NjgsImlhdCI6MTc0NTUxMDk2OCwic3ViIjoxLCJ0eXBlIjoiYWNjZXNzIiwidXNlcm5hbWUiOiJzdHJpbmcifQ.WXrvtP8CITQJJIzRfo4ijCQx7vpGQLn4nBcjdqgRursOaAUbK7L42LCtFXep7XPfsVp1Fmm3UkeDoxE4w14YVn78LpKW426cfyBnnL7xiSoKyICfE1NHmmBsy93s4VQNqj8O8QdgDDS-3DK_Xsis2GTZ1QQkqt8CxgMNlER0DbUiOjey3lOsAXtAA4jfL_baVftPFNuPNxBqvNDWfA2tBnYkvUY6v-ah1Uz7MMNUjPLPLGU_97xXNWCOhpUgmaz7IPQmVWvcx61jyifds5py-AN_hzkx5-uap8KbahwBApbut0IdAw8yVrNG5WVHXJQvxjCjOx4lqxj9w0MsoGWqOQ}\n"}
{"level":"info","ts":1745510969.2272005,"caller":"middleware/auth.go:49","msg":"New access Token"}
{"level":"info","ts":1745510969.2285707,"caller":"middleware/auth.go:56","msg":"Player already in DB: {1 string {<nil> 0 false finite false} {<nil> 0 false finite false}}\n"}
{"level":"info","ts":1745510974.6560435,"caller":"middleware/auth.go:21","msg":"Middleware for Token check"}
{"level":"info","ts":1745510974.6561174,"caller":"middleware/auth.go:29","msg":"Access Token:eyJhbGciOiJSUzI1NiIsInR5cCI6IkpXVCJ9.eyJleHAiOjE3NDU1MTE4NjgsImlhdCI6MTc0NTUxMDk2OCwic3ViIjoxLCJ0eXBlIjoiYWNjZXNzIiwidXNlcm5hbWUiOiJzdHJpbmcifQ.WXrvtP8CITQJJIzRfo4ijCQx7vpGQLn4nBcjdqgRursOaAUbK7L42LCtFXep7XPfsVp1Fmm3UkeDoxE4w14YVn78LpKW426cfyBnnL7xiSoKyICfE1NHmmBsy93s4VQNqj8O8QdgDDS-3DK_Xsis2GTZ1QQkqt8CxgMNlER0DbUiOjey3lOsAXtAA4jfL_baVftPFNuPNxBqvNDWfA2tBnYkvUY6v-ah1Uz7MMNUjPLPLGU_97xXNWCOhpUgmaz7IPQmVWvcx61jyifds5py-AN_hzkx5-uap8KbahwBApbut0IdAw8yVrNG5WVHXJQvxjCjOx4lqxj9w0MsoGWqOQ"}
{"level":"info","ts":1745510974.6586478,"caller":"producers/producer.go:22","msg":"Producer created successfully"}
{"level":"info","ts":1745510974.6587992,"caller":"producers/producer.go:40","msg":"Message sent, waiting for delivery confirmation..."}
{"level":"info","ts":1745510974.6653197,"caller":"producers/producer.go:49","msg":"Delivered message to jwtCheckRequest [1] at offset 3"}
{"level":"info","ts":1745510974.7660167,"caller":"consumers/consumer.go:26","msg":"Kafka connected successdully"}
{"level":"info","ts":1745510975.271035,"caller":"consumers/consumer.go:35","msg":"Received message: {\"role\":\"admin\",\"id\":1,\"login\":\"string\",\"err\":\"\",\"new-access-token\":\"eyJhbGciOiJSUzI1NiIsInR5cCI6IkpXVCJ9.eyJleHAiOjE3NDU1MTE4NzQsImlhdCI6MTc0NTUxMDk3NCwic3ViIjoxLCJ0eXBlIjoiYWNjZXNzIiwidXNlcm5hbWUiOiJzdHJpbmcifQ.qIuA1APJUKxzG5ednREU6MgiyYmc285SydoncyMXSx40_0C5D4zPdwcbAUVHB-CxnCv52yIeB9OLPGdM2u-hPjsI93TparLKSbUYgFEQdBbHqu5a4WjIjTwotZ2tV2rLq8DeXKdoUqdeuotoe6yf-pAE0u20ItwprFmYdm0fPIkdf4tEWKvmPDhlrvQwrQikzTGUQLaHOn52ufsIbBYJ2EzIk-5Mo78Frwr9Zi0WxgVfaT8F5lYrE9mJ9hFQREF0CQnJD9avyqNBb9Bd6FsMDSgQ9NyLt7srxFWr2Ye5Yen1rgyEHJWAxRqCFgj1D193tbSaaShq9opuqSY2bS0MUg\"} from topic:jwtCheckAnswer[1]@3 with offset 3"}
{"level":"info","ts":1745510975.271316,"caller":"pkg/kafka_utils.go:26","msg":"Request recieved: {admin 1 string  eyJhbGciOiJSUzI1NiIsInR5cCI6IkpXVCJ9.eyJleHAiOjE3NDU1MTE4NzQsImlhdCI6MTc0NTUxMDk3NCwic3ViIjoxLCJ0eXBlIjoiYWNjZXNzIiwidXNlcm5hbWUiOiJzdHJpbmcifQ.qIuA1APJUKxzG5ednREU6MgiyYmc285SydoncyMXSx40_0C5D4zPdwcbAUVHB-CxnCv52yIeB9OLPGdM2u-hPjsI93TparLKSbUYgFEQdBbHqu5a4WjIjTwotZ2tV2rLq8DeXKdoUqdeuotoe6yf-pAE0u20ItwprFmYdm0fPIkdf4tEWKvmPDhlrvQwrQikzTGUQLaHOn52ufsIbBYJ2EzIk-5Mo78Frwr9Zi0WxgVfaT8F5lYrE9mJ9hFQREF0CQnJD9avyqNBb9Bd6FsMDSgQ9NyLt7srxFWr2Ye5Yen1rgyEHJWAxRqCFgj1D193tbSaaShq9opuqSY2bS0MUg}\n"}
{"level":"info","ts":1745510975.274059,"caller":"middleware/auth.go:49","msg":"New access Token"}
{"level":"info","ts":1745510975.2756329,"caller":"middleware/auth.go:56","msg":"Player already in DB: {1 string {<nil> 0 false finite false} {<nil> 0 false finite false}}\n"}
