{"level":"info","ts":1745230496.3991494,"caller":"keys/keys.go:28","msg":"publicPath: /home/mashakosher/proga/InternShip/authservice/internal/config/keys/jwt-public.pem"}
{"level":"info","ts":1745230496.39935,"caller":"keys/keys.go:29","msg":"privatePath: /home/mashakosher/proga/InternShip/authservice/internal/config/keys/jwt-private.pem"}
{"level":"info","ts":1745230496.3998132,"caller":"keys/keys.go:74","msg":"PRIVATE KEY readed succesfully"}
{"level":"info","ts":1745230496.399904,"caller":"keys/keys.go:74","msg":"PUBLIC KEY readed succesfully"}
{"level":"info","ts":1745230496.4167197,"caller":"db/db.go:26","msg":"Successful connection to DB"}
{"level":"info","ts":1745230496.4995866,"caller":"consumers/auth_consumer.go:25","msg":"Kafka Answer Auth Tokens Consumer connected successfully"}
{"level":"info","ts":1745231108.5925102,"caller":"service/auth_service.go:118","msg":"User with UserName string is trying to log in"}
{"level":"info","ts":1745231108.592598,"caller":"service/auth_service.go:125","msg":"User credentials verified successfully"}
{"level":"info","ts":1745231108.593927,"caller":"service/auth_service.go:133","msg":"User found, his ID: 1"}
{"level":"info","ts":1745231108.6794465,"caller":"service/auth_service.go:140","msg":"User with ID 1 has correct password"}
{"level":"info","ts":1745231108.6795235,"caller":"tokens/create_token.go:17","msg":"Creating access token  for User with ID 1"}
{"level":"info","ts":1745231108.6795495,"caller":"tokens/create_token.go:20","msg":"Signing Method: RS256with Private key "}
{"level":"info","ts":1745231108.6816049,"caller":"service/auth_service.go:152","msg":"Access JWT created successfully"}
{"level":"info","ts":1745231108.6816607,"caller":"tokens/create_token.go:17","msg":"Creating refresh token  for User with ID 1"}
{"level":"info","ts":1745231108.6816845,"caller":"tokens/create_token.go:20","msg":"Signing Method: RS256with Private key "}
{"level":"info","ts":1745231108.6839097,"caller":"service/auth_service.go:165","msg":"Refresh JWT created successfully"}
{"level":"info","ts":1745231117.8762197,"caller":"pkg/kafka_uils.go:33","msg":"Request recieved: {eyJhbGciOiJSUzI1NiIsInR5cCI6IkpXVCJ9.eyJleHAiOjE3NDUyMzIwMDgsImlhdCI6MTc0NTIzMTEwOCwic3ViIjoxLCJ0eXBlIjoiYWNjZXNzIiwidXNlcm5hbWUiOiJzdHJpbmcifQ.Cg7RsTsnlpe3Vs_3hPSdKhsvvhktCUYFzwk0qBdt2-dM_4GzcweqMYkLBKTzx-390W8nIUaJgUx0OWzwYLHqqTQciAqnbHBVzBs5_9U5suBlKBQhuuBbli9zRkUteSQQSTawFnEutp5Q9bDpeEjHPA4e8ZRHKltA2O9yb5WDI3YjaBprn_HMHg5c3RVFF7grWUmiQH29_xWMM6gd0DISPdB6PhK5yOFv_OyGkNEKzuDJwme3mQ_UOCi6bHCXGsEdYpGQnjkoHgIErL_LJlvthHsHWoewYBoFa7Wmmyc8CF60PIhi3B6N3fCIaBZZaft5OIJtdYmS68l-w4JKiuboDA eyJhbGciOiJSUzI1NiIsInR5cCI6IkpXVCJ9.eyJleHAiOjE3NDUzMTc1MDgsImlhdCI6MTc0NTIzMTEwOCwic3ViIjoxLCJ0eXBlIjoicmVmcmVzaCJ9.XmNATTwUYMXsLFE5UfYhSxNr-fJx3wwf9kYWHUnql0JotOGq2EuKN_V5s6GMmpJW5seTtL7zKMdy5W4S-s2bV22SP9-SqYECqdrd8tTG26jEaq5a8s2aXT5FL246vouMMNGTBqmrLPHNGduU7y6yy35lxCDIPha8TIm9zF2bVjPXJG5kx53XFkErCVxHa9P630BIg0zQbnRRD86urY-F35q69cSRlp6Y-l6ybY_SmNexcXYtFE1wQ2w5Pyy2eaUAfy2usWMrpshwLw93WG_LihHEYQpaF-IJh6j0OBq9X8TZbP7fQdd4v8VYa9z3to5s5G6gC7amRFi1lO1KTTynCw 0}\n"}
{"level":"info","ts":1745231117.87634,"caller":"consumers/auth_consumer.go:44","msg":"Received message: {\"access-token\":\"eyJhbGciOiJSUzI1NiIsInR5cCI6IkpXVCJ9.eyJleHAiOjE3NDUyMzIwMDgsImlhdCI6MTc0NTIzMTEwOCwic3ViIjoxLCJ0eXBlIjoiYWNjZXNzIiwidXNlcm5hbWUiOiJzdHJpbmcifQ.Cg7RsTsnlpe3Vs_3hPSdKhsvvhktCUYFzwk0qBdt2-dM_4GzcweqMYkLBKTzx-390W8nIUaJgUx0OWzwYLHqqTQciAqnbHBVzBs5_9U5suBlKBQhuuBbli9zRkUteSQQSTawFnEutp5Q9bDpeEjHPA4e8ZRHKltA2O9yb5WDI3YjaBprn_HMHg5c3RVFF7grWUmiQH29_xWMM6gd0DISPdB6PhK5yOFv_OyGkNEKzuDJwme3mQ_UOCi6bHCXGsEdYpGQnjkoHgIErL_LJlvthHsHWoewYBoFa7Wmmyc8CF60PIhi3B6N3fCIaBZZaft5OIJtdYmS68l-w4JKiuboDA\",\"refresh-token\":\"eyJhbGciOiJSUzI1NiIsInR5cCI6IkpXVCJ9.eyJleHAiOjE3NDUzMTc1MDgsImlhdCI6MTc0NTIzMTEwOCwic3ViIjoxLCJ0eXBlIjoicmVmcmVzaCJ9.XmNATTwUYMXsLFE5UfYhSxNr-fJx3wwf9kYWHUnql0JotOGq2EuKN_V5s6GMmpJW5seTtL7zKMdy5W4S-s2bV22SP9-SqYECqdrd8tTG26jEaq5a8s2aXT5FL246vouMMNGTBqmrLPHNGduU7y6yy35lxCDIPha8TIm9zF2bVjPXJG5kx53XFkErCVxHa9P630BIg0zQbnRRD86urY-F35q69cSRlp6Y-l6ybY_SmNexcXYtFE1wQ2w5Pyy2eaUAfy2usWMrpshwLw93WG_LihHEYQpaF-IJh6j0OBq9X8TZbP7fQdd4v8VYa9z3to5s5G6gC7amRFi1lO1KTTynCw\",\"partition\":0} from topic:jwtCheckRequest[0]@250\n"}
{"level":"info","ts":1745231117.8770373,"caller":"tokens/verify_token.go:23","msg":"\nToken is valid need to check time\n"}
{"level":"info","ts":1745231117.8772938,"caller":"tokens/verify_token.go:27","msg":"Now: 2025-04-21 13:25:17.877136953 +0300 +03 m=+621.492838414 Exp: 2025-04-21 13:40:08 +0300 +03"}
{"level":"info","ts":1745231117.8773406,"caller":"brokercheck/brokercheck.go:104","msg":"Token type is correct"}
{"level":"info","ts":1745231117.8773699,"caller":"brokercheck/brokercheck.go:113","msg":"User ID from access Token is: 1"}
{"level":"info","ts":1745231117.8801038,"caller":"brokercheck/brokercheck.go:122","msg":"User found successfully"}
{"level":"info","ts":1745231117.8808925,"caller":"brokercheck/brokercheck.go:127","msg":"Token is valid, {admin 1 string  }\n"}
{"level":"info","ts":1745231117.9125116,"caller":"producers/auth_producer.go:20","msg":"Producer created successfully"}
{"level":"error","ts":1745231117.9228537,"caller":"producers/auth_producer.go:40","msg":"Delivered message to jwtCheckAnswer [0] at offset 250","stacktrace":"authservice/internal/adapter/kafka/producers.AnswerToken.func1\n\t/home/mashakosher/proga/InternShip/authservice/internal/adapter/kafka/producers/auth_producer.go:40"}
{"level":"info","ts":1745231131.269615,"caller":"service/auth_service.go:118","msg":"User with UserName string1 is trying to log in"}
{"level":"info","ts":1745231131.269692,"caller":"service/auth_service.go:125","msg":"User credentials verified successfully"}
{"level":"info","ts":1745231131.2704306,"caller":"service/auth_service.go:133","msg":"User found, his ID: 2"}
{"level":"info","ts":1745231131.3604276,"caller":"service/auth_service.go:140","msg":"User with ID 2 has correct password"}
{"level":"info","ts":1745231131.360478,"caller":"tokens/create_token.go:17","msg":"Creating access token  for User with ID 2"}
{"level":"info","ts":1745231131.3604882,"caller":"tokens/create_token.go:20","msg":"Signing Method: RS256with Private key "}
{"level":"info","ts":1745231131.3619394,"caller":"service/auth_service.go:152","msg":"Access JWT created successfully"}
{"level":"info","ts":1745231131.3619628,"caller":"tokens/create_token.go:17","msg":"Creating refresh token  for User with ID 2"}
{"level":"info","ts":1745231131.3619726,"caller":"tokens/create_token.go:20","msg":"Signing Method: RS256with Private key "}
{"level":"info","ts":1745231131.3636425,"caller":"service/auth_service.go:165","msg":"Refresh JWT created successfully"}
{"level":"info","ts":1745231137.3459053,"caller":"pkg/kafka_uils.go:33","msg":"Request recieved: {eyJhbGciOiJSUzI1NiIsInR5cCI6IkpXVCJ9.eyJleHAiOjE3NDUyMzIwMzEsImlhdCI6MTc0NTIzMTEzMSwic3ViIjoyLCJ0eXBlIjoiYWNjZXNzIiwidXNlcm5hbWUiOiJzdHJpbmcxIn0.Y2Umz33CUf4bUjleKszhAnmoKkcIgnaj168YjpaRerMnW0kC_r5AcCq-ZaFb9rlyozwGqELUppkF-zO7ujm6jIq0sKIQQ8g76enkzW8rjtWimzC9PBVwVBVCohAKy9eLAACtF5BZGcAvkJrF4_e6gCHMMhdjZJtXvW0LEt7oUB7L1H-kQGDpzTwhZpAJImb5Fax62qzxBAzz5unfuvUoMjg6aWG-SXZw12Vss7D4kmO4K6sfNhC1OOCSYL5BIn3SO0bKSJVjkmgskxp67kpEsYg4yoT8rno0Ea2r9xpmC_iJzzxSLJrT9Pdmw1VE7R8fdpefKbAyWV0jdFmT0XNSqw eyJhbGciOiJSUzI1NiIsInR5cCI6IkpXVCJ9.eyJleHAiOjE3NDUzMTc1MzEsImlhdCI6MTc0NTIzMTEzMSwic3ViIjoyLCJ0eXBlIjoicmVmcmVzaCJ9.Nu6KzLM239xCsUnlXIOOoQ96qQ3JsDegg6T22pse6d5KHmwmpbE9CXV94p4ZeH9leMLW1ziIH_y8AzUU7GvG04I5hdQLSZZA7fnILph6WpNFbCJHmWO_jyUUd3xo6ZJ38sLIvNdX62JGvWkh0F7SQTh0xx1QyqTJA6yBcfeGOFkPdSM2lXoEFOkTr0wIVlr67PLipXLhn2iUYGnDBnqEQB_XxsdBGwjlbVS-arCAY-EsTeHTn6S5un8nVUu4T--FHkXpbeyJINcMzYYWTMSmRtnLtM6SxqD0sv5zSb28O8vEPhwmKWv7NPJOF25jhlChMteYRAfwkFfGquEc-7vTvQ 0}\n"}
{"level":"info","ts":1745231137.3463635,"caller":"consumers/auth_consumer.go:44","msg":"Received message: {\"access-token\":\"eyJhbGciOiJSUzI1NiIsInR5cCI6IkpXVCJ9.eyJleHAiOjE3NDUyMzIwMzEsImlhdCI6MTc0NTIzMTEzMSwic3ViIjoyLCJ0eXBlIjoiYWNjZXNzIiwidXNlcm5hbWUiOiJzdHJpbmcxIn0.Y2Umz33CUf4bUjleKszhAnmoKkcIgnaj168YjpaRerMnW0kC_r5AcCq-ZaFb9rlyozwGqELUppkF-zO7ujm6jIq0sKIQQ8g76enkzW8rjtWimzC9PBVwVBVCohAKy9eLAACtF5BZGcAvkJrF4_e6gCHMMhdjZJtXvW0LEt7oUB7L1H-kQGDpzTwhZpAJImb5Fax62qzxBAzz5unfuvUoMjg6aWG-SXZw12Vss7D4kmO4K6sfNhC1OOCSYL5BIn3SO0bKSJVjkmgskxp67kpEsYg4yoT8rno0Ea2r9xpmC_iJzzxSLJrT9Pdmw1VE7R8fdpefKbAyWV0jdFmT0XNSqw\",\"refresh-token\":\"eyJhbGciOiJSUzI1NiIsInR5cCI6IkpXVCJ9.eyJleHAiOjE3NDUzMTc1MzEsImlhdCI6MTc0NTIzMTEzMSwic3ViIjoyLCJ0eXBlIjoicmVmcmVzaCJ9.Nu6KzLM239xCsUnlXIOOoQ96qQ3JsDegg6T22pse6d5KHmwmpbE9CXV94p4ZeH9leMLW1ziIH_y8AzUU7GvG04I5hdQLSZZA7fnILph6WpNFbCJHmWO_jyUUd3xo6ZJ38sLIvNdX62JGvWkh0F7SQTh0xx1QyqTJA6yBcfeGOFkPdSM2lXoEFOkTr0wIVlr67PLipXLhn2iUYGnDBnqEQB_XxsdBGwjlbVS-arCAY-EsTeHTn6S5un8nVUu4T--FHkXpbeyJINcMzYYWTMSmRtnLtM6SxqD0sv5zSb28O8vEPhwmKWv7NPJOF25jhlChMteYRAfwkFfGquEc-7vTvQ\",\"partition\":0} from topic:jwtCheckRequest[0]@251\n"}
{"level":"info","ts":1745231137.3509374,"caller":"tokens/verify_token.go:23","msg":"\nToken is valid need to check time\n"}
{"level":"info","ts":1745231137.3518808,"caller":"tokens/verify_token.go:27","msg":"Now: 2025-04-21 13:25:37.351827286 +0300 +03 m=+640.967528803 Exp: 2025-04-21 13:40:31 +0300 +03"}
{"level":"info","ts":1745231137.351989,"caller":"brokercheck/brokercheck.go:104","msg":"Token type is correct"}
{"level":"info","ts":1745231137.3520668,"caller":"brokercheck/brokercheck.go:113","msg":"User ID from access Token is: 2"}
{"level":"info","ts":1745231137.3560984,"caller":"brokercheck/brokercheck.go:122","msg":"User found successfully"}
{"level":"info","ts":1745231137.3582144,"caller":"brokercheck/brokercheck.go:127","msg":"Token is valid, {user 2 string1  }\n"}
{"level":"info","ts":1745231137.4170835,"caller":"producers/auth_producer.go:20","msg":"Producer created successfully"}
{"level":"error","ts":1745231137.427027,"caller":"producers/auth_producer.go:40","msg":"Delivered message to jwtCheckAnswer [0] at offset 251","stacktrace":"authservice/internal/adapter/kafka/producers.AnswerToken.func1\n\t/home/mashakosher/proga/InternShip/authservice/internal/adapter/kafka/producers/auth_producer.go:40"}
{"level":"info","ts":1745231146.537943,"caller":"pkg/kafka_uils.go:33","msg":"Request recieved: {eyJhbGciOiJSUzI1NiIsInR5cCI6IkpXVCJ9.eyJleHAiOjE3NDUyMzIwMzEsImlhdCI6MTc0NTIzMTEzMSwic3ViIjoyLCJ0eXBlIjoiYWNjZXNzIiwidXNlcm5hbWUiOiJzdHJpbmcxIn0.Y2Umz33CUf4bUjleKszhAnmoKkcIgnaj168YjpaRerMnW0kC_r5AcCq-ZaFb9rlyozwGqELUppkF-zO7ujm6jIq0sKIQQ8g76enkzW8rjtWimzC9PBVwVBVCohAKy9eLAACtF5BZGcAvkJrF4_e6gCHMMhdjZJtXvW0LEt7oUB7L1H-kQGDpzTwhZpAJImb5Fax62qzxBAzz5unfuvUoMjg6aWG-SXZw12Vss7D4kmO4K6sfNhC1OOCSYL5BIn3SO0bKSJVjkmgskxp67kpEsYg4yoT8rno0Ea2r9xpmC_iJzzxSLJrT9Pdmw1VE7R8fdpefKbAyWV0jdFmT0XNSqw eyJhbGciOiJSUzI1NiIsInR5cCI6IkpXVCJ9.eyJleHAiOjE3NDUzMTc1MzEsImlhdCI6MTc0NTIzMTEzMSwic3ViIjoyLCJ0eXBlIjoicmVmcmVzaCJ9.Nu6KzLM239xCsUnlXIOOoQ96qQ3JsDegg6T22pse6d5KHmwmpbE9CXV94p4ZeH9leMLW1ziIH_y8AzUU7GvG04I5hdQLSZZA7fnILph6WpNFbCJHmWO_jyUUd3xo6ZJ38sLIvNdX62JGvWkh0F7SQTh0xx1QyqTJA6yBcfeGOFkPdSM2lXoEFOkTr0wIVlr67PLipXLhn2iUYGnDBnqEQB_XxsdBGwjlbVS-arCAY-EsTeHTn6S5un8nVUu4T--FHkXpbeyJINcMzYYWTMSmRtnLtM6SxqD0sv5zSb28O8vEPhwmKWv7NPJOF25jhlChMteYRAfwkFfGquEc-7vTvQ 0}\n"}
{"level":"info","ts":1745231146.5387166,"caller":"consumers/auth_consumer.go:44","msg":"Received message: {\"access-token\":\"eyJhbGciOiJSUzI1NiIsInR5cCI6IkpXVCJ9.eyJleHAiOjE3NDUyMzIwMzEsImlhdCI6MTc0NTIzMTEzMSwic3ViIjoyLCJ0eXBlIjoiYWNjZXNzIiwidXNlcm5hbWUiOiJzdHJpbmcxIn0.Y2Umz33CUf4bUjleKszhAnmoKkcIgnaj168YjpaRerMnW0kC_r5AcCq-ZaFb9rlyozwGqELUppkF-zO7ujm6jIq0sKIQQ8g76enkzW8rjtWimzC9PBVwVBVCohAKy9eLAACtF5BZGcAvkJrF4_e6gCHMMhdjZJtXvW0LEt7oUB7L1H-kQGDpzTwhZpAJImb5Fax62qzxBAzz5unfuvUoMjg6aWG-SXZw12Vss7D4kmO4K6sfNhC1OOCSYL5BIn3SO0bKSJVjkmgskxp67kpEsYg4yoT8rno0Ea2r9xpmC_iJzzxSLJrT9Pdmw1VE7R8fdpefKbAyWV0jdFmT0XNSqw\",\"refresh-token\":\"eyJhbGciOiJSUzI1NiIsInR5cCI6IkpXVCJ9.eyJleHAiOjE3NDUzMTc1MzEsImlhdCI6MTc0NTIzMTEzMSwic3ViIjoyLCJ0eXBlIjoicmVmcmVzaCJ9.Nu6KzLM239xCsUnlXIOOoQ96qQ3JsDegg6T22pse6d5KHmwmpbE9CXV94p4ZeH9leMLW1ziIH_y8AzUU7GvG04I5hdQLSZZA7fnILph6WpNFbCJHmWO_jyUUd3xo6ZJ38sLIvNdX62JGvWkh0F7SQTh0xx1QyqTJA6yBcfeGOFkPdSM2lXoEFOkTr0wIVlr67PLipXLhn2iUYGnDBnqEQB_XxsdBGwjlbVS-arCAY-EsTeHTn6S5un8nVUu4T--FHkXpbeyJINcMzYYWTMSmRtnLtM6SxqD0sv5zSb28O8vEPhwmKWv7NPJOF25jhlChMteYRAfwkFfGquEc-7vTvQ\",\"partition\":0} from topic:jwtCheckRequest[0]@252\n"}
{"level":"info","ts":1745231146.5396676,"caller":"tokens/verify_token.go:23","msg":"\nToken is valid need to check time\n"}
{"level":"info","ts":1745231146.5406227,"caller":"tokens/verify_token.go:27","msg":"Now: 2025-04-21 13:25:46.540604373 +0300 +03 m=+650.156305843 Exp: 2025-04-21 13:40:31 +0300 +03"}
{"level":"info","ts":1745231146.5414631,"caller":"brokercheck/brokercheck.go:104","msg":"Token type is correct"}
{"level":"info","ts":1745231146.5419524,"caller":"brokercheck/brokercheck.go:113","msg":"User ID from access Token is: 2"}
{"level":"info","ts":1745231146.544722,"caller":"brokercheck/brokercheck.go:122","msg":"User found successfully"}
{"level":"info","ts":1745231146.544806,"caller":"brokercheck/brokercheck.go:127","msg":"Token is valid, {user 2 string1  }\n"}
{"level":"info","ts":1745231146.5512576,"caller":"producers/auth_producer.go:20","msg":"Producer created successfully"}
{"level":"error","ts":1745231146.5604534,"caller":"producers/auth_producer.go:40","msg":"Delivered message to jwtCheckAnswer [0] at offset 252","stacktrace":"authservice/internal/adapter/kafka/producers.AnswerToken.func1\n\t/home/mashakosher/proga/InternShip/authservice/internal/adapter/kafka/producers/auth_producer.go:40"}
{"level":"info","ts":1745232640.4347284,"caller":"pkg/kafka_uils.go:33","msg":"Request recieved: {eyJhbGciOiJSUzI1NiIsInR5cCI6IkpXVCJ9.eyJleHAiOjE3NDUyMzIwMzEsImlhdCI6MTc0NTIzMTEzMSwic3ViIjoyLCJ0eXBlIjoiYWNjZXNzIiwidXNlcm5hbWUiOiJzdHJpbmcxIn0.Y2Umz33CUf4bUjleKszhAnmoKkcIgnaj168YjpaRerMnW0kC_r5AcCq-ZaFb9rlyozwGqELUppkF-zO7ujm6jIq0sKIQQ8g76enkzW8rjtWimzC9PBVwVBVCohAKy9eLAACtF5BZGcAvkJrF4_e6gCHMMhdjZJtXvW0LEt7oUB7L1H-kQGDpzTwhZpAJImb5Fax62qzxBAzz5unfuvUoMjg6aWG-SXZw12Vss7D4kmO4K6sfNhC1OOCSYL5BIn3SO0bKSJVjkmgskxp67kpEsYg4yoT8rno0Ea2r9xpmC_iJzzxSLJrT9Pdmw1VE7R8fdpefKbAyWV0jdFmT0XNSqw eyJhbGciOiJSUzI1NiIsInR5cCI6IkpXVCJ9.eyJleHAiOjE3NDUzMTc1MzEsImlhdCI6MTc0NTIzMTEzMSwic3ViIjoyLCJ0eXBlIjoicmVmcmVzaCJ9.Nu6KzLM239xCsUnlXIOOoQ96qQ3JsDegg6T22pse6d5KHmwmpbE9CXV94p4ZeH9leMLW1ziIH_y8AzUU7GvG04I5hdQLSZZA7fnILph6WpNFbCJHmWO_jyUUd3xo6ZJ38sLIvNdX62JGvWkh0F7SQTh0xx1QyqTJA6yBcfeGOFkPdSM2lXoEFOkTr0wIVlr67PLipXLhn2iUYGnDBnqEQB_XxsdBGwjlbVS-arCAY-EsTeHTn6S5un8nVUu4T--FHkXpbeyJINcMzYYWTMSmRtnLtM6SxqD0sv5zSb28O8vEPhwmKWv7NPJOF25jhlChMteYRAfwkFfGquEc-7vTvQ 0}\n"}
{"level":"info","ts":1745232640.4362075,"caller":"consumers/auth_consumer.go:44","msg":"Received message: {\"access-token\":\"eyJhbGciOiJSUzI1NiIsInR5cCI6IkpXVCJ9.eyJleHAiOjE3NDUyMzIwMzEsImlhdCI6MTc0NTIzMTEzMSwic3ViIjoyLCJ0eXBlIjoiYWNjZXNzIiwidXNlcm5hbWUiOiJzdHJpbmcxIn0.Y2Umz33CUf4bUjleKszhAnmoKkcIgnaj168YjpaRerMnW0kC_r5AcCq-ZaFb9rlyozwGqELUppkF-zO7ujm6jIq0sKIQQ8g76enkzW8rjtWimzC9PBVwVBVCohAKy9eLAACtF5BZGcAvkJrF4_e6gCHMMhdjZJtXvW0LEt7oUB7L1H-kQGDpzTwhZpAJImb5Fax62qzxBAzz5unfuvUoMjg6aWG-SXZw12Vss7D4kmO4K6sfNhC1OOCSYL5BIn3SO0bKSJVjkmgskxp67kpEsYg4yoT8rno0Ea2r9xpmC_iJzzxSLJrT9Pdmw1VE7R8fdpefKbAyWV0jdFmT0XNSqw\",\"refresh-token\":\"eyJhbGciOiJSUzI1NiIsInR5cCI6IkpXVCJ9.eyJleHAiOjE3NDUzMTc1MzEsImlhdCI6MTc0NTIzMTEzMSwic3ViIjoyLCJ0eXBlIjoicmVmcmVzaCJ9.Nu6KzLM239xCsUnlXIOOoQ96qQ3JsDegg6T22pse6d5KHmwmpbE9CXV94p4ZeH9leMLW1ziIH_y8AzUU7GvG04I5hdQLSZZA7fnILph6WpNFbCJHmWO_jyUUd3xo6ZJ38sLIvNdX62JGvWkh0F7SQTh0xx1QyqTJA6yBcfeGOFkPdSM2lXoEFOkTr0wIVlr67PLipXLhn2iUYGnDBnqEQB_XxsdBGwjlbVS-arCAY-EsTeHTn6S5un8nVUu4T--FHkXpbeyJINcMzYYWTMSmRtnLtM6SxqD0sv5zSb28O8vEPhwmKWv7NPJOF25jhlChMteYRAfwkFfGquEc-7vTvQ\",\"partition\":0} from topic:jwtCheckRequest[0]@253\n"}
{"level":"info","ts":1745232640.4370644,"caller":"tokens/verify_token.go:23","msg":"\nToken is valid need to check time\n"}
{"level":"info","ts":1745232640.4381819,"caller":"tokens/verify_token.go:27","msg":"Now: 2025-04-21 13:50:40.438160879 +0300 +03 m=+2144.053862338 Exp: 2025-04-21 13:40:31 +0300 +03"}
{"level":"error","ts":1745232640.438655,"caller":"brokercheck/brokercheck.go:22","msg":"Inavlid access Token: token expired","stacktrace":"authservice/pkg/brokercheck.BrokerCheck\n\t/home/mashakosher/proga/InternShip/authservice/pkg/brokercheck/brokercheck.go:22"}
{"level":"info","ts":1745232640.4396126,"caller":"tokens/verify_token.go:23","msg":"\nToken is valid need to check time\n"}
{"level":"info","ts":1745232640.439687,"caller":"tokens/verify_token.go:27","msg":"Now: 2025-04-21 13:50:40.439676445 +0300 +03 m=+2144.055377900 Exp: 2025-04-22 13:25:31 +0300 +03"}
{"level":"info","ts":1745232640.439715,"caller":"brokercheck/brokercheck.go:62","msg":"User ID from refresh Token is: 2"}
{"level":"info","ts":1745232640.441413,"caller":"brokercheck/brokercheck.go:71","msg":"User found successfully"}
{"level":"info","ts":1745232640.4419625,"caller":"tokens/create_token.go:17","msg":"Creating access token  for User with ID 2"}
{"level":"info","ts":1745232640.44204,"caller":"tokens/create_token.go:20","msg":"Signing Method: RS256with Private key "}
{"level":"info","ts":1745232640.4469588,"caller":"brokercheck/brokercheck.go:85","msg":"Access Token is expired, Refresg Token is valis, new Access Token{user 2 string1  eyJhbGciOiJSUzI1NiIsInR5cCI6IkpXVCJ9.eyJleHAiOjE3NDUyMzM1NDAsImlhdCI6MTc0NTIzMjY0MCwic3ViIjoyLCJ0eXBlIjoiYWNjZXNzIiwidXNlcm5hbWUiOiJzdHJpbmcxIn0.BiTZ3SORq7vKdP9nt_7cbSJcclLIscbF2VCBQrfLVB5fhq8qWyONnUNPWRnsRD4OI_xgyPTEdajntyigTAz5WVOTADjA815-XtD06qBKH6-lGl8TMWOtL4KoMECth9J4co5FKGtGlhuzpCh5XJCOzcKFHCPRlMWkWTkBR1PyHEMTyDDiYuQBpDqGBYEKYTVYcom1ixpaddGUHIbGW9dferUgIx-ANd6l8xaWhOKwnjnQuHg36h_9LHIiORhzhaJ7DApQSxX5JyNgCnbigCzpKLTRhYTF8t5q-6S0uP8Eah9w6nweQ4Vo4L9oDoQ_Y2hg9DXT9yI18Mh0nH-z6pM0KA}\n"}
{"level":"info","ts":1745232640.4801664,"caller":"producers/auth_producer.go:20","msg":"Producer created successfully"}
{"level":"error","ts":1745232640.4893568,"caller":"producers/auth_producer.go:40","msg":"Delivered message to jwtCheckAnswer [0] at offset 253","stacktrace":"authservice/internal/adapter/kafka/producers.AnswerToken.func1\n\t/home/mashakosher/proga/InternShip/authservice/internal/adapter/kafka/producers/auth_producer.go:40"}
{"level":"info","ts":1745232669.1378226,"caller":"service/auth_service.go:118","msg":"User with UserName string is trying to log in"}
{"level":"info","ts":1745232669.1378798,"caller":"service/auth_service.go:125","msg":"User credentials verified successfully"}
{"level":"info","ts":1745232669.1386113,"caller":"service/auth_service.go:133","msg":"User found, his ID: 1"}
{"level":"info","ts":1745232669.2182806,"caller":"service/auth_service.go:140","msg":"User with ID 1 has correct password"}
{"level":"info","ts":1745232669.2183204,"caller":"tokens/create_token.go:17","msg":"Creating access token  for User with ID 1"}
{"level":"info","ts":1745232669.218332,"caller":"tokens/create_token.go:20","msg":"Signing Method: RS256with Private key "}
{"level":"info","ts":1745232669.2199488,"caller":"service/auth_service.go:152","msg":"Access JWT created successfully"}
{"level":"info","ts":1745232669.2199702,"caller":"tokens/create_token.go:17","msg":"Creating refresh token  for User with ID 1"}
{"level":"info","ts":1745232669.2199862,"caller":"tokens/create_token.go:20","msg":"Signing Method: RS256with Private key "}
{"level":"info","ts":1745232669.2216084,"caller":"service/auth_service.go:165","msg":"Refresh JWT created successfully"}
{"level":"info","ts":1745232674.0421624,"caller":"pkg/kafka_uils.go:33","msg":"Request recieved: {eyJhbGciOiJSUzI1NiIsInR5cCI6IkpXVCJ9.eyJleHAiOjE3NDUyMzM1NjksImlhdCI6MTc0NTIzMjY2OSwic3ViIjoxLCJ0eXBlIjoiYWNjZXNzIiwidXNlcm5hbWUiOiJzdHJpbmcifQ.LIVYzW7kpwiZcA-47AoZJtAsu3BmKD__hJ9kwHqp-g-l_NGhYo7laNF5-0fo3WwHM5EF7Sv-BNgda6SNO_STR2sdILD6MPD0WOfHS79jxcf2Fkz6rTi37wnjYImTsH0Sm-420kqEo4rSTh6ZAWvQJPGTASSOFqfHjObljUnHt5OcPL1zRn9S5Ai7y2McnH4iwlgI3cfIMp69eJjdbr_spwl5deyWRiQTl2NKVDIdiSLNoUdVXmmzPcAMD5ggJnNrNm1nnXIef0VJQJCa2HLqh0V6PcRiX8lR-FDkM4S6xiCLxgBhVEC47qmL1ujBvhvVlJLDRf563thOyvNf81ki1g eyJhbGciOiJSUzI1NiIsInR5cCI6IkpXVCJ9.eyJleHAiOjE3NDUzMTkwNjksImlhdCI6MTc0NTIzMjY2OSwic3ViIjoxLCJ0eXBlIjoicmVmcmVzaCJ9.Qip6piK6VmR4eO8FPHfIqWLbp2fvfsi0fL1wWH7t0D9_lp6mHqvivbZiNzKKHiw3atCDQP03bkwQKBgMMgfb1l87xejz351n_DI-aTx3g-wkkp4wSdMq2tkT2HOjAvtH95d81TNpy-N7bCcdFVhzQTbRarziGLOXD0LNE33B8jD8M8-0WLHPJVfdGwbF4jXoFkVjtj1PNg0xZHEF8TN7iYnlDiMnVDWbszuUufFwcH6DprKBoG8VzRrunle-3Xpfa6bh0rcyMrXgzQEB-bUMWWVxKdaBBOBArKMihGa7_MBgOJBYz1BoatQvXNs5ciUBgAhYj3j6lZXJRnxz6yTSlA 0}\n"}
{"level":"info","ts":1745232674.0426874,"caller":"consumers/auth_consumer.go:44","msg":"Received message: {\"access-token\":\"eyJhbGciOiJSUzI1NiIsInR5cCI6IkpXVCJ9.eyJleHAiOjE3NDUyMzM1NjksImlhdCI6MTc0NTIzMjY2OSwic3ViIjoxLCJ0eXBlIjoiYWNjZXNzIiwidXNlcm5hbWUiOiJzdHJpbmcifQ.LIVYzW7kpwiZcA-47AoZJtAsu3BmKD__hJ9kwHqp-g-l_NGhYo7laNF5-0fo3WwHM5EF7Sv-BNgda6SNO_STR2sdILD6MPD0WOfHS79jxcf2Fkz6rTi37wnjYImTsH0Sm-420kqEo4rSTh6ZAWvQJPGTASSOFqfHjObljUnHt5OcPL1zRn9S5Ai7y2McnH4iwlgI3cfIMp69eJjdbr_spwl5deyWRiQTl2NKVDIdiSLNoUdVXmmzPcAMD5ggJnNrNm1nnXIef0VJQJCa2HLqh0V6PcRiX8lR-FDkM4S6xiCLxgBhVEC47qmL1ujBvhvVlJLDRf563thOyvNf81ki1g\",\"refresh-token\":\"eyJhbGciOiJSUzI1NiIsInR5cCI6IkpXVCJ9.eyJleHAiOjE3NDUzMTkwNjksImlhdCI6MTc0NTIzMjY2OSwic3ViIjoxLCJ0eXBlIjoicmVmcmVzaCJ9.Qip6piK6VmR4eO8FPHfIqWLbp2fvfsi0fL1wWH7t0D9_lp6mHqvivbZiNzKKHiw3atCDQP03bkwQKBgMMgfb1l87xejz351n_DI-aTx3g-wkkp4wSdMq2tkT2HOjAvtH95d81TNpy-N7bCcdFVhzQTbRarziGLOXD0LNE33B8jD8M8-0WLHPJVfdGwbF4jXoFkVjtj1PNg0xZHEF8TN7iYnlDiMnVDWbszuUufFwcH6DprKBoG8VzRrunle-3Xpfa6bh0rcyMrXgzQEB-bUMWWVxKdaBBOBArKMihGa7_MBgOJBYz1BoatQvXNs5ciUBgAhYj3j6lZXJRnxz6yTSlA\",\"partition\":0} from topic:jwtCheckRequest[0]@254\n"}
{"level":"info","ts":1745232674.0432816,"caller":"tokens/verify_token.go:23","msg":"\nToken is valid need to check time\n"}
{"level":"info","ts":1745232674.0438569,"caller":"tokens/verify_token.go:27","msg":"Now: 2025-04-21 13:51:14.043838476 +0300 +03 m=+2177.659539918 Exp: 2025-04-21 14:06:09 +0300 +03"}
{"level":"info","ts":1745232674.0441146,"caller":"brokercheck/brokercheck.go:104","msg":"Token type is correct"}
{"level":"info","ts":1745232674.0441513,"caller":"brokercheck/brokercheck.go:113","msg":"User ID from access Token is: 1"}
{"level":"info","ts":1745232674.0452669,"caller":"brokercheck/brokercheck.go:122","msg":"User found successfully"}
{"level":"info","ts":1745232674.0453687,"caller":"brokercheck/brokercheck.go:127","msg":"Token is valid, {admin 1 string  }\n"}
{"level":"info","ts":1745232674.075678,"caller":"producers/auth_producer.go:20","msg":"Producer created successfully"}
{"level":"error","ts":1745232674.0863523,"caller":"producers/auth_producer.go:40","msg":"Delivered message to jwtCheckAnswer [0] at offset 254","stacktrace":"authservice/internal/adapter/kafka/producers.AnswerToken.func1\n\t/home/mashakosher/proga/InternShip/authservice/internal/adapter/kafka/producers/auth_producer.go:40"}
