{"level":"info","ts":1742932148.1873941,"caller":"config/logger.go:19","msg":"Program start"}
{"level":"info","ts":1742932148.188076,"caller":"config/keys.go:72","msg":"PRIVATE KEY readed succesfully"}
{"level":"info","ts":1742932148.1882396,"caller":"config/keys.go:72","msg":"PUBLIC KEY readed succesfully"}
{"level":"info","ts":1742932148.2307544,"caller":"config/dbConfig.go:21","msg":"Successful connection to DB"}
{"level":"info","ts":1742932176.8645632,"caller":"auth/controllers.go:96","msg":"User with UserName 1 is trying to log in"}
{"level":"info","ts":1742932176.8647056,"caller":"auth/controllers.go:103","msg":"User credentials verified successfully"}
{"level":"info","ts":1742932176.8661673,"caller":"auth/controllers.go:111","msg":"User found, his ID: 40"}
{"level":"info","ts":1742932176.9832597,"caller":"auth/controllers.go:118","msg":"User with ID 40 has correct password"}
{"level":"info","ts":1742932176.9833472,"caller":"auth/utils.go:87","msg":"Creating access token  for User with ID 40"}
{"level":"info","ts":1742932176.9834385,"caller":"auth/utils.go:90","msg":"Signing Method: RS256with Private key "}
{"level":"info","ts":1742932176.9871423,"caller":"auth/controllers.go:130","msg":"Access JWT created successfully"}
{"level":"info","ts":1742932176.9871993,"caller":"auth/utils.go:87","msg":"Creating refresh token  for User with ID 40"}
{"level":"info","ts":1742932176.9872303,"caller":"auth/utils.go:90","msg":"Signing Method: RS256with Private key "}
{"level":"info","ts":1742932176.9910984,"caller":"auth/controllers.go:143","msg":"Refresh JWT created successfully"}
{"level":"info","ts":1742932190.185376,"caller":"auth/controllers.go:169","msg":"access Token is valid"}
{"level":"info","ts":1742932190.1854765,"caller":"auth/controllers.go:183","msg":"Token type is correct"}
{"level":"info","ts":1742932190.1855419,"caller":"auth/controllers.go:191","msg":"User ID from access Token is: 40"}
{"level":"info","ts":1742932190.1875126,"caller":"auth/controllers.go:200","msg":"User found successfully"}
{"level":"error","ts":1742932259.068919,"caller":"auth/controllers.go:166","msg":"Inavlid access Token: token expired","stacktrace":"authservice/controllers/auth.CheckToken\n\t/app/controllers/auth/controllers.go:166\ngithub.com/gofiber/fiber/v2.(*App).next\n\t/go/pkg/mod/github.com/gofiber/fiber/v2@v2.52.6/router.go:145\ngithub.com/gofiber/fiber/v2.(*App).handler\n\t/go/pkg/mod/github.com/gofiber/fiber/v2@v2.52.6/router.go:172\ngithub.com/valyala/fasthttp.(*Server).serveConn\n\t/go/pkg/mod/github.com/valyala/fasthttp@v1.59.0/server.go:2380\ngithub.com/valyala/fasthttp.(*workerPool).workerFunc\n\t/go/pkg/mod/github.com/valyala/fasthttp@v1.59.0/workerpool.go:225\ngithub.com/valyala/fasthttp.(*workerPool).getCh.func1\n\t/go/pkg/mod/github.com/valyala/fasthttp@v1.59.0/workerpool.go:197"}
{"level":"info","ts":1742932274.049165,"caller":"auth/controllers.go:226","msg":"refresh Token is valid"}
{"level":"info","ts":1742932274.0493193,"caller":"auth/controllers.go:240","msg":"Token type is correct"}
{"level":"info","ts":1742932274.049403,"caller":"auth/controllers.go:248","msg":"User ID from refresh Token is: 40"}
{"level":"info","ts":1742932274.0509267,"caller":"auth/controllers.go:257","msg":"User found successfully"}
{"level":"info","ts":1742932274.0510855,"caller":"auth/utils.go:87","msg":"Creating access token  for User with ID 40"}
{"level":"info","ts":1742932274.051167,"caller":"auth/utils.go:90","msg":"Signing Method: RS256with Private key "}
{"level":"info","ts":1742932274.0602348,"caller":"auth/controllers.go:269","msg":"Access JWT created successfully"}
